Arguments: 
  /usr/bin/node /usr/bin/yarn

PATH: 
  /home/chinonso/.cargo/bin:/usr/local/sbin:/usr/local/bin:/usr/sbin:/usr/bin:/sbin:/bin:/usr/games:/usr/local/games:/mnt/c/Program Files/Python36/Scripts/:/mnt/c/Program Files/Python36/:/mnt/c/ProgramData/Oracle/Java/javapath:/mnt/c/Windows/system32:/mnt/c/Windows:/mnt/c/Windows/System32/Wbem:/mnt/c/Windows/System32/WindowsPowerShell/v1.0/:/mnt/c/Windows/System32/OpenSSH/:/mnt/c/Program Files/Java/jdk1.8.0_162/bin:/mnt/c/Program Files/Git/cmd:/mnt/c/ProgramData/chocolatey/bin:/mnt/c/windows/system32:/mnt/c/Program Files/dotnet/:/mnt/c/Program Files/Microsoft SQL Server/130/Tools/Binn/:/mnt/c/Program Files/Microsoft SQL Server/Client SDK/ODBC/170/Tools/Binn/:/mnt/c/Program Files/Docker/Docker/resources/bin:/mnt/c/ProgramData/DockerDesktop/version-bin:/mnt/c/Program Files/MATLAB/R2016a/runtime/win64:/mnt/c/Program Files/MATLAB/R2016a/bin:/mnt/c/Program Files/MATLAB/R2016a/polyspace/bin:/mnt/c/Program Files/PostgreSQL/13/bin:/mnt/c/Program Files/nodejs/:/mnt/c/Program Files/Android/Android Studio1/bin:/mnt/c/Program Files (x86)/Intel/Intel(R) Management Engine Components/DAL:/mnt/c/Program Files/Intel/Intel(R) Management Engine Components/DAL:/mnt/c/Src/flutter/bin:/mnt/c/solana/solana-release/bin:/snap/bin

Yarn version: 
  1.22.17

Node version: 
  16.9.1

Platform: 
  linux x64

Trace: 
  Error: connect ECONNREFUSED 104.16.17.35:443
      at TCPConnectWrap.afterConnect [as oncomplete] (node:net:1146:16)

npm manifest: 
  {
      "dependencies": {
          "@project-serum/anchor": "^0.18.2"
      },
      "devDependencies": {
          "chai": "^4.3.4",
          "mocha": "^9.0.3"
      }
  }

yarn manifest: 
  No manifest

Lockfile: 
  No lockfile
